<?xml version="1.0" encoding="UTF-8"?>
<!-- Generated by org.testng.reporters.JUnitReportReporter -->
<testsuite hostname="DIGITAL-0059" failures="0" tests="1" name="com.samplepro.project.AppTest" time="0.019" errors="0" timestamp="04 Jul 2023 13:20:19 GMT" skipped="0">
  <testcase classname="com.samplepro.project.AppTest" name="shouldAnswerWithTrue" time="0.019"/>
</testsuite> <!-- com.samplepro.project.AppTest -->
