<?xml version="1.0" encoding="UTF-8"?>
<!-- Generated by org.testng.reporters.JUnitReportReporter -->
<testsuite hostname="DIGITAL-0059" failures="0" tests="35" name="com.samplepro.project.AppTest" time="1131.809" errors="0" timestamp="05 Jul 2023 06:53:36 GMT" skipped="1">
  <testcase classname="com.samplepro.project.AppTest" name="shouldAnswerWithTrue" time="32.606"/>
  <testcase classname="com.samplepro.project.AppTest" name="shouldAnswerWithTrue" time="31.610"/>
  <testcase classname="com.samplepro.project.AppTest" name="shouldAnswerWithTrue" time="31.744"/>
  <testcase classname="com.samplepro.project.AppTest" name="shouldAnswerWithTrue" time="31.099"/>
  <testcase classname="com.samplepro.project.AppTest" name="shouldAnswerWithTrue" time="32.704"/>
  <testcase classname="com.samplepro.project.AppTest" name="shouldAnswerWithTrue" time="34.334"/>
  <testcase classname="com.samplepro.project.AppTest" name="shouldAnswerWithTrue" time="31.591"/>
  <testcase classname="com.samplepro.project.AppTest" name="shouldAnswerWithTrue" time="31.822"/>
  <testcase classname="com.samplepro.project.AppTest" name="shouldAnswerWithTrue" time="31.763"/>
  <testcase classname="com.samplepro.project.AppTest" name="shouldAnswerWithTrue" time="31.721"/>
  <testcase classname="com.samplepro.project.AppTest" name="shouldAnswerWithTrue" time="31.656"/>
  <testcase classname="com.samplepro.project.AppTest" name="shouldAnswerWithTrue" time="31.186"/>
  <testcase classname="com.samplepro.project.AppTest" name="shouldAnswerWithTrue" time="34.535"/>
  <testcase classname="com.samplepro.project.AppTest" name="shouldAnswerWithTrue" time="31.905"/>
  <testcase classname="com.samplepro.project.AppTest" name="shouldAnswerWithTrue" time="32.262"/>
  <testcase classname="com.samplepro.project.AppTest" name="shouldAnswerWithTrue" time="31.548"/>
  <testcase classname="com.samplepro.project.AppTest" name="shouldAnswerWithTrue" time="32.429"/>
  <testcase classname="com.samplepro.project.AppTest" name="shouldAnswerWithTrue" time="31.509"/>
  <testcase classname="com.samplepro.project.AppTest" name="shouldAnswerWithTrue" time="48.088"/>
  <testcase classname="com.samplepro.project.AppTest" name="shouldAnswerWithTrue" time="31.810"/>
  <testcase classname="com.samplepro.project.AppTest" name="shouldAnswerWithTrue" time="32.538"/>
  <testcase classname="com.samplepro.project.AppTest" name="shouldAnswerWithTrue" time="34.649"/>
  <testcase classname="com.samplepro.project.AppTest" name="shouldAnswerWithTrue" time="25.442">
    <skipped/>
  </testcase> <!-- shouldAnswerWithTrue -->
  <testcase classname="com.samplepro.project.AppTest" name="shouldAnswerWithTrue" time="29.932"/>
  <testcase classname="com.samplepro.project.AppTest" name="shouldAnswerWithTrue" time="31.660"/>
  <testcase classname="com.samplepro.project.AppTest" name="shouldAnswerWithTrue" time="32.055"/>
  <testcase classname="com.samplepro.project.AppTest" name="shouldAnswerWithTrue" time="31.301"/>
  <testcase classname="com.samplepro.project.AppTest" name="shouldAnswerWithTrue" time="31.238"/>
  <testcase classname="com.samplepro.project.AppTest" name="shouldAnswerWithTrue" time="31.882"/>
  <testcase classname="com.samplepro.project.AppTest" name="shouldAnswerWithTrue" time="31.266"/>
  <testcase classname="com.samplepro.project.AppTest" name="shouldAnswerWithTrue" time="32.232"/>
  <testcase classname="com.samplepro.project.AppTest" name="shouldAnswerWithTrue" time="31.785"/>
  <testcase classname="com.samplepro.project.AppTest" name="shouldAnswerWithTrue" time="32.224"/>
  <testcase classname="com.samplepro.project.AppTest" name="shouldAnswerWithTrue" time="31.798"/>
  <testcase classname="com.samplepro.project.AppTest" name="shouldAnswerWithTrue" time="33.885"/>
</testsuite> <!-- com.samplepro.project.AppTest -->
